[20-Feb-2020 19:15:10 UTC] PHP Warning:  Declaration of boss_Plugin_Upgrader_Skin::feedback($string) should be compatible with WP_Upgrader_Skin::feedback($string, ...$args) in /Applications/MAMP/htdocs/boutique-lapnl/wp-content/themes/boss/buddyboss-inc/buddyboss-framework/plugin-support.php on line 141
[20-Feb-2020 19:15:13 UTC] PHP Warning:  sprintf(): Too few arguments in /Applications/MAMP/htdocs/boutique-lapnl/wp-content/plugins/boss-learndash/includes/main-class.php on line 1065
[20-Feb-2020 19:15:14 UTC] PHP Parse error:  syntax error, unexpected '*' in /Applications/MAMP/htdocs/boutique-lapnl/wp-content/themes/boss-child/template-parts/header-profile.php on line 192
[20-Feb-2020 19:15:16 UTC] PHP Warning:  sprintf(): Too few arguments in /Applications/MAMP/htdocs/boutique-lapnl/wp-content/plugins/boss-learndash/includes/main-class.php on line 1065
[20-Feb-2020 19:15:16 UTC] PHP Warning:  sprintf(): Too few arguments in /Applications/MAMP/htdocs/boutique-lapnl/wp-content/plugins/boss-learndash/includes/main-class.php on line 1065
[20-Feb-2020 19:15:16 UTC] PHP Warning:  sprintf(): Too few arguments in /Applications/MAMP/htdocs/boutique-lapnl/wp-content/plugins/boss-learndash/includes/main-class.php on line 1065
[20-Feb-2020 19:15:29 UTC] PHP Parse error:  syntax error, unexpected 'else' (T_ELSE) in /Applications/MAMP/htdocs/boutique-lapnl/wp-content/themes/boss-child/functions.php on line 331
[20-Feb-2020 19:15:30 UTC] PHP Parse error:  syntax error, unexpected 'else' (T_ELSE) in /Applications/MAMP/htdocs/boutique-lapnl/wp-content/themes/boss-child/functions.php on line 331
[20-Feb-2020 19:15:43 UTC] PHP Parse error:  syntax error, unexpected 'else' (T_ELSE) in /Applications/MAMP/htdocs/boutique-lapnl/wp-content/themes/boss-child/functions.php on line 331
[20-Feb-2020 19:17:43 UTC] PHP Parse error:  syntax error, unexpected 'else' (T_ELSE) in /Applications/MAMP/htdocs/boutique-lapnl/wp-content/themes/boss-child/functions.php on line 331
[20-Feb-2020 19:19:12 UTC] PHP Parse error:  syntax error, unexpected 'else' (T_ELSE) in /Applications/MAMP/htdocs/boutique-lapnl/wp-content/themes/boss-child/functions.php on line 331
[20-Feb-2020 19:19:26 UTC] PHP Parse error:  syntax error, unexpected 'else' (T_ELSE) in /Applications/MAMP/htdocs/boutique-lapnl/wp-content/themes/boss-child/functions.php on line 331
[20-Feb-2020 19:21:20 UTC] PHP Parse error:  syntax error, unexpected 'else' (T_ELSE) in /Applications/MAMP/htdocs/boutique-lapnl/wp-content/themes/boss-child/functions.php on line 331
[20-Feb-2020 19:21:26 UTC] PHP Parse error:  syntax error, unexpected 'else' (T_ELSE) in /Applications/MAMP/htdocs/boutique-lapnl/wp-content/themes/boss-child/functions.php on line 331
[20-Feb-2020 19:21:49 UTC] PHP Parse error:  syntax error, unexpected 'else' (T_ELSE) in /Applications/MAMP/htdocs/boutique-lapnl/wp-content/themes/boss-child/functions.php on line 331
[20-Feb-2020 19:22:48 UTC] PHP Parse error:  syntax error, unexpected 'else' (T_ELSE) in /Applications/MAMP/htdocs/boutique-lapnl/wp-content/themes/boss-child/functions.php on line 331
[20-Feb-2020 19:22:51 UTC] PHP Parse error:  syntax error, unexpected 'else' (T_ELSE) in /Applications/MAMP/htdocs/boutique-lapnl/wp-content/themes/boss-child/functions.php on line 331
[20-Feb-2020 19:23:06 UTC] PHP Parse error:  syntax error, unexpected 'else' (T_ELSE) in /Applications/MAMP/htdocs/boutique-lapnl/wp-content/themes/boss-child/functions.php on line 331
[20-Feb-2020 19:24:45 UTC] PHP Parse error:  syntax error, unexpected 'else' (T_ELSE) in /Applications/MAMP/htdocs/boutique-lapnl/wp-content/themes/boss-child/functions.php on line 331
[20-Feb-2020 19:24:56 UTC] PHP Parse error:  syntax error, unexpected 'else' (T_ELSE) in /Applications/MAMP/htdocs/boutique-lapnl/wp-content/themes/boss-child/functions.php on line 331
[20-Feb-2020 19:25:00 UTC] PHP Parse error:  syntax error, unexpected 'else' (T_ELSE) in /Applications/MAMP/htdocs/boutique-lapnl/wp-content/themes/boss-child/functions.php on line 331
[20-Feb-2020 19:25:11 UTC] PHP Parse error:  syntax error, unexpected 'else' (T_ELSE) in /Applications/MAMP/htdocs/boutique-lapnl/wp-content/themes/boss-child/functions.php on line 331
[20-Feb-2020 19:25:13 UTC] PHP Parse error:  syntax error, unexpected 'else' (T_ELSE) in /Applications/MAMP/htdocs/boutique-lapnl/wp-content/themes/boss-child/functions.php on line 331
[20-Feb-2020 19:25:22 UTC] PHP Parse error:  syntax error, unexpected 'else' (T_ELSE) in /Applications/MAMP/htdocs/boutique-lapnl/wp-content/themes/boss-child/functions.php on line 331
[20-Feb-2020 19:25:26 UTC] PHP Parse error:  syntax error, unexpected 'else' (T_ELSE) in /Applications/MAMP/htdocs/boutique-lapnl/wp-content/themes/boss-child/functions.php on line 331
[20-Feb-2020 19:25:41 UTC] PHP Warning:  Declaration of boss_Plugin_Upgrader_Skin::feedback($string) should be compatible with WP_Upgrader_Skin::feedback($string, ...$args) in /Applications/MAMP/htdocs/boutique-lapnl/wp-content/themes/boss/buddyboss-inc/buddyboss-framework/plugin-support.php on line 141
[20-Feb-2020 19:25:44 UTC] PHP Warning:  sprintf(): Too few arguments in /Applications/MAMP/htdocs/boutique-lapnl/wp-content/plugins/boss-learndash/includes/main-class.php on line 1065
[20-Feb-2020 19:25:45 UTC] PHP Warning:  sprintf(): Too few arguments in /Applications/MAMP/htdocs/boutique-lapnl/wp-content/plugins/boss-learndash/includes/main-class.php on line 1065
[20-Feb-2020 19:25:45 UTC] PHP Notice:  login_headertitle est <strong>obsolète</strong> depuis la version 5.2.0 ! Utilisez login_headertext à la place. L’utilisation de l’attribut title sur le logo de connexion n’est pas recommandée pour des raisons d’accessibilité. Utilisez plutôt le texte du lien. in /Applications/MAMP/htdocs/boutique-lapnl/wp-includes/functions.php on line 4924
[20-Feb-2020 19:25:48 UTC] PHP Warning:  sprintf(): Too few arguments in /Applications/MAMP/htdocs/boutique-lapnl/wp-content/plugins/boss-learndash/includes/main-class.php on line 1065
[20-Feb-2020 19:25:48 UTC] PHP Warning:  sprintf(): Too few arguments in /Applications/MAMP/htdocs/boutique-lapnl/wp-content/plugins/boss-learndash/includes/main-class.php on line 1065
[20-Feb-2020 19:25:48 UTC] PHP Warning:  sprintf(): Too few arguments in /Applications/MAMP/htdocs/boutique-lapnl/wp-content/plugins/boss-learndash/includes/main-class.php on line 1065
